2025-02-19 08:55:00 | DEBUG | repo=pv243-javaee-7 | action=commit
2025-09-08 08:41:00 | DEBUG | repo=pv243-javaee-7 | action=commit
2025-03-14 08:55:00 | WARN | repo=pv243-javaee-7 | action=commit
2025-07-08 08:56:00 | DEBUG | repo=pv243-javaee-7 | action=commit
2025-07-08 18:26:00 | INFO | repo=pv243-javaee-7 | action=commit
2025-09-12 16:56:00 | DEBUG | repo=pv243-javaee-7 | action=commit
2025-12-13 18:56:00 | DEBUG | repo=pv243-javaee-7 | action=pull
2025-07-10 14:25:00 | DEBUG | repo=pv243-javaee-7 | action=pull
2025-02-28 19:30:00 | INFO | repo=pv243-javaee-7 | action=pull
2025-12-13 11:00:00 | DEBUG | repo=pv243-javaee-7 | action=commit
2025-08-24 17:01:00 | INFO | repo=pv243-javaee-7 | action=commit
2025-03-19 07:22:00 | INFO | repo=pv243-javaee-7 | action=commit
2025-09-17 17:37:00 | INFO | repo=pv243-javaee-7 | action=commit
2025-08-14 08:06:00 | WARN | repo=pv243-javaee-7 | action=test | passed=true
2025-09-10 19:24:00 | DEBUG | repo=pv243-javaee-7 | action=pull
2025-11-04 14:14:00 | WARN | repo=pv243-javaee-7 | action=commit
2025-01-21 12:17:00 | WARN | repo=pv243-javaee-7 | action=commit
2025-10-28 08:07:00 | INFO | repo=pv243-javaee-7 | action=commit
2025-03-07 09:46:00 | WARN | repo=pv243-javaee-7 | action=commit
2025-11-25 18:12:00 | DEBUG | repo=pv243-javaee-7 | action=commit
2025-06-19 15:46:00 | DEBUG | repo=pv243-javaee-7 | action=commit
2025-04-20 21:15:00 | WARN | repo=pv243-javaee-7 | action=commit
2025-12-25 07:58:00 | INFO | repo=pv243-javaee-7 | action=commit
2025-04-03 07:18:00 | WARN | repo=pv243-javaee-7 | action=commit
2025-01-12 11:09:00 | WARN | repo=pv243-javaee-7 | action=edit | files=2
2025-09-19 18:03:00 | DEBUG | repo=pv243-javaee-7 | action=commit
2025-04-02 15:12:00 | INFO | repo=pv243-javaee-7 | action=commit
2025-05-11 14:27:00 | INFO | repo=pv243-javaee-7 | action=commit
2025-10-18 13:26:00 | WARN | repo=pv243-javaee-7 | action=commit
2025-04-24 09:54:00 | WARN | repo=pv243-javaee-7 | action=commit
2025-08-14 14:34:00 | WARN | repo=pv243-javaee-7 | action=commit
2025-05-27 18:00:00 | DEBUG | repo=pv243-javaee-7 | action=commit
2025-09-11 15:51:00 | INFO | repo=pv243-javaee-7 | action=commit
2025-03-26 08:05:00 | INFO | repo=pv243-javaee-7 | action=commit
2025-04-17 07:12:00 | INFO | repo=pv243-javaee-7 | action=commit
2025-09-14 18:08:00 | DEBUG | repo=pv243-javaee-7 | action=commit
2025-01-10 19:22:00 | DEBUG | repo=pv243-javaee-7 | action=commit
2025-07-09 16:09:00 | DEBUG | repo=pv243-javaee-7 | action=commit
2025-06-20 14:52:00 | WARN | repo=pv243-javaee-7 | action=commit
2025-10-17 14:53:00 | INFO | repo=pv243-javaee-7 | action=edit | files=3
2025-07-25 09:39:00 | INFO | repo=pv243-javaee-7 | action=commit
2025-03-07 21:53:00 | DEBUG | repo=pv243-javaee-7 | action=pull
2025-05-04 20:02:00 | INFO | repo=pv243-javaee-7 | action=test | passed=true
2025-02-03 20:35:00 | INFO | repo=pv243-javaee-7 | action=commit
2025-11-20 18:40:00 | INFO | repo=pv243-javaee-7 | action=commit
2025-06-12 15:21:00 | WARN | repo=pv243-javaee-7 | action=commit
2025-05-09 07:52:00 | INFO | repo=pv243-javaee-7 | action=commit
2025-05-14 17:13:00 | DEBUG | repo=pv243-javaee-7 | action=commit
2025-03-09 13:57:00 | WARN | repo=pv243-javaee-7 | action=commit
2025-07-05 08:44:00 | WARN | repo=pv243-javaee-7 | action=commit
2025-10-24 10:03:00 | WARN | repo=pv243-javaee-7 | action=edit | files=3
2025-05-22 10:31:00 | DEBUG | repo=pv243-javaee-7 | action=commit
2025-03-26 13:38:00 | WARN | repo=pv243-javaee-7 | action=commit
2025-06-25 20:33:00 | INFO | repo=pv243-javaee-7 | action=commit
2025-12-02 12:16:00 | DEBUG | repo=pv243-javaee-7 | action=test | passed=true
2025-08-06 08:34:00 | DEBUG | repo=pv243-javaee-7 | action=commit
2025-06-28 16:30:00 | INFO | repo=pv243-javaee-7 | action=pull
2025-04-26 21:07:00 | INFO | repo=pv243-javaee-7 | action=edit | files=3
2025-12-02 17:43:00 | WARN | repo=pv243-javaee-7 | action=commit
2025-05-14 09:25:00 | INFO | repo=pv243-javaee-7 | action=commit
2025-11-15 18:08:00 | DEBUG | repo=pv243-javaee-7 | action=commit
2025-01-14 08:43:00 | DEBUG | repo=pv243-javaee-7 | action=commit
2025-09-12 17:59:00 | WARN | repo=pv243-javaee-7 | action=commit
2025-09-23 08:16:00 | WARN | repo=pv243-javaee-7 | action=commit
2025-03-22 20:01:00 | INFO | repo=pv243-javaee-7 | action=commit
2025-12-01 20:10:00 | DEBUG | repo=pv243-javaee-7 | action=commit
2025-07-07 20:54:00 | INFO | repo=pv243-javaee-7 | action=edit | files=1
2025-10-14 20:09:00 | INFO | repo=pv243-javaee-7 | action=commit
2025-11-11 21:44:00 | INFO | repo=pv243-javaee-7 | action=commit
2025-03-24 13:43:00 | INFO | repo=pv243-javaee-7 | action=test | passed=true
2025-04-14 20:56:00 | DEBUG | repo=pv243-javaee-7 | action=commit
